<?xml version="1.0" encoding="UTF-8"?>
<!-- Generated by org.testng.reporters.JUnitReportReporter -->
<testsuite hostname="DESKTOP-14N1F2H" failures="0" tests="2" name="testNG.Annotations" time="0.012" errors="0" timestamp="2023-09-11T21:25:28 EDT" skipped="0">
  <testcase classname="testNG.Annotations" name="testOne" time="0.010"/>
  <system-out/>
  <testcase classname="testNG.Annotations" name="testTwo" time="0.002"/>
  <system-out/>
</testsuite> <!-- testNG.Annotations -->
