<?xml version="1.0" encoding="UTF-8"?>
<!-- Generated by org.testng.reporters.JUnitReportReporter -->
<testsuite hostname="DESKTOP-14N1F2H" failures="0" tests="2" name="testNG.TestAnnotations" time="0.004" errors="0" timestamp="2023-09-11T21:25:28 EDT" skipped="0">
  <testcase classname="testNG.TestAnnotations" name="testThree" time="0.001"/>
  <system-out/>
  <testcase classname="testNG.TestAnnotations" name="testFour" time="0.003"/>
  <system-out/>
</testsuite> <!-- testNG.TestAnnotations -->
