<?xml version="1.0" encoding="UTF-8"?>
<!-- Generated by org.testng.reporters.JUnitReportReporter -->
<testsuite hostname="DESKTOP-14N1F2H" failures="0" tests="3" name="testNG.DataProviders" time="0.008" errors="0" timestamp="2023-09-12T00:18:21 EDT" skipped="0">
  <testcase classname="testNG.DataProviders" name="testData_Provider" time="0.000"/>
  <system-out/>
  <testcase classname="testNG.DataProviders" name="testData_Provider" time="0.001"/>
  <system-out/>
  <testcase classname="testNG.DataProviders" name="testData_Provider" time="0.007"/>
  <system-out/>
</testsuite> <!-- testNG.DataProviders -->
