<?xml version="1.0" encoding="UTF-8"?>
<!-- Generated by org.testng.reporters.JUnitReportReporter -->
<testsuite hostname="DESKTOP-14N1F2H" failures="0" tests="4" name="testNG.Prioritizing_DisablingTest" time="0.011" errors="0" timestamp="2023-09-11T21:35:41 EDT" skipped="1">
  <testcase classname="testNG.Prioritizing_DisablingTest" name="testOne" time="0.008"/>
  <system-out/>
  <testcase classname="testNG.Prioritizing_DisablingTest" name="testTwo" time="0.002"/>
  <system-out/>
  <testcase classname="testNG.Prioritizing_DisablingTest" name="testThree" time="0.001"/>
  <system-out/>
  <testcase classname="testNG.Prioritizing_DisablingTest" name="testFour">
    <skipped/>
  </testcase> <!-- testFour -->
  <system-out/>
</testsuite> <!-- testNG.Prioritizing_DisablingTest -->
