<?xml version="1.0" encoding="UTF-8"?>
<!-- Generated by org.testng.reporters.JUnitReportReporter -->
<testsuite hostname="DESKTOP-14N1F2H" failures="0" tests="2" name="testNG.Assertions" time="0.454" errors="0" timestamp="2023-09-11T23:05:38 EDT" skipped="0">
  <testcase classname="testNG.Assertions" name="logoTest" time="0.444"/>
  <system-out/>
  <testcase classname="testNG.Assertions" name="Title" time="0.010"/>
  <system-out/>
</testsuite> <!-- testNG.Assertions -->
