<?xml version="1.0" encoding="UTF-8"?>
<!-- Generated by org.testng.reporters.JUnitReportReporter -->
<testsuite hostname="DESKTOP-14N1F2H" failures="0" tests="5" name="testNG.Grouping" time="0.013" errors="0" timestamp="2023-10-23T00:23:06 EDT" skipped="0">
  <testcase classname="testNG.Grouping" name="testOne" time="0.002"/>
  <system-out/>
  <testcase classname="testNG.Grouping" name="testFifth" time="0.008"/>
  <system-out/>
  <testcase classname="testNG.Grouping" name="testTwo" time="0.000"/>
  <system-out/>
  <testcase classname="testNG.Grouping" name="testFour" time="0.002"/>
  <system-out/>
  <testcase classname="testNG.Grouping" name="testThree" time="0.001"/>
  <system-out/>
</testsuite> <!-- testNG.Grouping -->
